# JRE version: OpenJDK Runtime Environment (8.0_112-b06) (build 1.8.0_112-release-b06)
# Java VM: OpenJDK 64-Bit Server VM (25.112-b06 mixed mode windows-amd64 compressed oops)
Heap:
 PSYoungGen      total 94720K, used 49507K [0x00000000eab00000, 0x00000000f1280000, 0x0000000100000000)
  eden space 83968K, 46% used [0x00000000eab00000,0x00000000ed143ed0,0x00000000efd00000)
  from space 10752K, 96% used [0x00000000f0780000,0x00000000f1195080,0x00000000f1200000)
  to   space 10752K, 76% used [0x00000000efd00000,0x00000000f04ff0e0,0x00000000f0780000)
 ParOldGen       total 127488K, used 12817K [0x00000000c0000000, 0x00000000c7c80000, 0x00000000eab00000)
  object space 127488K, 10% used [0x00000000c0000000,0x00000000c0c847d8,0x00000000c7c80000)
 Metaspace       used 34649K, capacity 35316K, committed 35416K, reserved 1079296K
  class space    used 4616K, capacity 4810K, committed 4864K, reserved 1048576K
GC Heap History (10 events):
Event: 0.773 GC heap after
Heap after GC invocations=1 (full 0):
 PSYoungGen      total 76288K, used 7928K [0x00000000eab00000, 0x00000000f0000000, 0x0000000100000000)
  eden space 65536K, 0% used [0x00000000eab00000,0x00000000eab00000,0x00000000eeb00000)
  from space 10752K, 73% used [0x00000000eeb00000,0x00000000ef2be048,0x00000000ef580000)
  to   space 10752K, 0% used [0x00000000ef580000,0x00000000ef580000,0x00000000f0000000)
 ParOldGen       total 175104K, used 16K [0x00000000c0000000, 0x00000000cab00000, 0x00000000eab00000)
  object space 175104K, 0% used [0x00000000c0000000,0x00000000c0004000,0x00000000cab00000)
 Metaspace       used 12695K, capacity 13074K, committed 13184K, reserved 1060864K
  class space    used 1657K, capacity 1810K, committed 1920K, reserved 1048576K
}
Event: 1.660 GC heap before
{Heap before GC invocations=2 (full 0):
 PSYoungGen      total 76288K, used 72020K [0x00000000eab00000, 0x00000000f0000000, 0x0000000100000000)
  eden space 65536K, 97% used [0x00000000eab00000,0x00000000ee997298,0x00000000eeb00000)
  from space 10752K, 73% used [0x00000000eeb00000,0x00000000ef2be048,0x00000000ef580000)
  to   space 10752K, 0% used [0x00000000ef580000,0x00000000ef580000,0x00000000f0000000)
 ParOldGen       total 175104K, used 16K [0x00000000c0000000, 0x00000000cab00000, 0x00000000eab00000)
  object space 175104K, 0% used [0x00000000c0000000,0x00000000c0004000,0x00000000cab00000)
 Metaspace       used 20731K, capacity 21114K, committed 21248K, reserved 1067008K
  class space    used 2791K, capacity 2948K, committed 3072K, reserved 1048576K
Event: 1.669 GC heap after
Heap after GC invocations=2 (full 0):
 PSYoungGen      total 76288K, used 10721K [0x00000000eab00000, 0x00000000f0000000, 0x0000000100000000)
  eden space 65536K, 0% used [0x00000000eab00000,0x00000000eab00000,0x00000000eeb00000)
  from space 10752K, 99% used [0x00000000ef580000,0x00000000efff8630,0x00000000f0000000)
  to   space 10752K, 0% used [0x00000000eeb00000,0x00000000eeb00000,0x00000000ef580000)
 ParOldGen       total 175104K, used 2455K [0x00000000c0000000, 0x00000000cab00000, 0x00000000eab00000)
  object space 175104K, 1% used [0x00000000c0000000,0x00000000c0265ff0,0x00000000cab00000)
 Metaspace       used 20731K, capacity 21114K, committed 21248K, reserved 1067008K
  class space    used 2791K, capacity 2948K, committed 3072K, reserved 1048576K
}
Event: 1.669 GC heap before
{Heap before GC invocations=3 (full 1):
 PSYoungGen      total 76288K, used 10721K [0x00000000eab00000, 0x00000000f0000000, 0x0000000100000000)
  eden space 65536K, 0% used [0x00000000eab00000,0x00000000eab00000,0x00000000eeb00000)
  from space 10752K, 99% used [0x00000000ef580000,0x00000000efff8630,0x00000000f0000000)
  to   space 10752K, 0% used [0x00000000eeb00000,0x00000000eeb00000,0x00000000ef580000)
 ParOldGen       total 175104K, used 2455K [0x00000000c0000000, 0x00000000cab00000, 0x00000000eab00000)
  object space 175104K, 1% used [0x00000000c0000000,0x00000000c0265ff0,0x00000000cab00000)
 Metaspace       used 20731K, capacity 21114K, committed 21248K, reserved 1067008K
  class space    used 2791K, capacity 2948K, committed 3072K, reserved 1048576K
Event: 1.701 GC heap after
Heap after GC invocations=3 (full 1):
 PSYoungGen      total 76288K, used 0K [0x00000000eab00000, 0x00000000f0000000, 0x0000000100000000)
  eden space 65536K, 0% used [0x00000000eab00000,0x00000000eab00000,0x00000000eeb00000)
  from space 10752K, 0% used [0x00000000ef580000,0x00000000ef580000,0x00000000f0000000)
  to   space 10752K, 0% used [0x00000000eeb00000,0x00000000eeb00000,0x00000000ef580000)
 ParOldGen       total 127488K, used 12729K [0x00000000c0000000, 0x00000000c7c80000, 0x00000000eab00000)
  object space 127488K, 9% used [0x00000000c0000000,0x00000000c0c6e7c8,0x00000000c7c80000)
 Metaspace       used 20731K, capacity 21114K, committed 21248K, reserved 1067008K
  class space    used 2791K, capacity 2948K, committed 3072K, reserved 1048576K
}
Event: 2.468 GC heap before
{Heap before GC invocations=4 (full 1):
 PSYoungGen      total 76288K, used 65536K [0x00000000eab00000, 0x00000000f0000000, 0x0000000100000000)
  eden space 65536K, 100% used [0x00000000eab00000,0x00000000eeb00000,0x00000000eeb00000)
  from space 10752K, 0% used [0x00000000ef580000,0x00000000ef580000,0x00000000f0000000)
  to   space 10752K, 0% used [0x00000000eeb00000,0x00000000eeb00000,0x00000000ef580000)
 ParOldGen       total 127488K, used 12729K [0x00000000c0000000, 0x00000000c7c80000, 0x00000000eab00000)
  object space 127488K, 9% used [0x00000000c0000000,0x00000000c0c6e7c8,0x00000000c7c80000)
 Metaspace       used 27458K, capacity 27956K, committed 28160K, reserved 1073152K
  class space    used 3650K, capacity 3788K, committed 3840K, reserved 1048576K
Event: 2.472 GC heap after
Heap after GC invocations=4 (full 1):
 PSYoungGen      total 76288K, used 9042K [0x00000000eab00000, 0x00000000f1200000, 0x0000000100000000)
  eden space 65536K, 0% used [0x00000000eab00000,0x00000000eab00000,0x00000000eeb00000)
  from space 10752K, 84% used [0x00000000eeb00000,0x00000000ef3d4a60,0x00000000ef580000)
  to   space 10752K, 0% used [0x00000000f0780000,0x00000000f0780000,0x00000000f1200000)
 ParOldGen       total 127488K, used 12737K [0x00000000c0000000, 0x00000000c7c80000, 0x00000000eab00000)
  object space 127488K, 9% used [0x00000000c0000000,0x00000000c0c707c8,0x00000000c7c80000)
 Metaspace       used 27458K, capacity 27956K, committed 28160K, reserved 1073152K
  class space    used 3650K, capacity 3788K, committed 3840K, reserved 1048576K
}
Event: 3.259 GC heap before
{Heap before GC invocations=5 (full 1):
 PSYoungGen      total 76288K, used 74578K [0x00000000eab00000, 0x00000000f1200000, 0x0000000100000000)
  eden space 65536K, 100% used [0x00000000eab00000,0x00000000eeb00000,0x00000000eeb00000)
  from space 10752K, 84% used [0x00000000eeb00000,0x00000000ef3d4a60,0x00000000ef580000)
  to   space 10752K, 0% used [0x00000000f0780000,0x00000000f0780000,0x00000000f1200000)
 ParOldGen       total 127488K, used 12737K [0x00000000c0000000, 0x00000000c7c80000, 0x00000000eab00000)
  object space 127488K, 9% used [0x00000000c0000000,0x00000000c0c707c8,0x00000000c7c80000)
 Metaspace       used 32477K, capacity 33018K, committed 33280K, reserved 1077248K
  class space    used 4360K, capacity 4510K, committed 4608K, reserved 1048576K
Event: 3.265 GC heap after
Heap after GC invocations=5 (full 1):
 PSYoungGen      total 94720K, used 10324K [0x00000000eab00000, 0x00000000f1280000, 0x0000000100000000)
  eden space 83968K, 0% used [0x00000000eab00000,0x00000000eab00000,0x00000000efd00000)
  from space 10752K, 96% used [0x00000000f0780000,0x00000000f1195080,0x00000000f1200000)
  to   space 10752K, 0% used [0x00000000efd00000,0x00000000efd00000,0x00000000f0780000)
 ParOldGen       total 127488K, used 12745K [0x00000000c0000000, 0x00000000c7c80000, 0x00000000eab00000)
  object space 127488K, 9% used [0x00000000c0000000,0x00000000c0c727c8,0x00000000c7c80000)
 Metaspace       used 32477K, capacity 33018K, committed 33280K, reserved 1077248K
  class space    used 4360K, capacity 4510K, committed 4608K, reserved 1048576K
}
Event: 5.631 GC heap before
{Heap before GC invocations=6 (full 1):
 PSYoungGen      total 94720K, used 49507K [0x00000000eab00000, 0x00000000f1280000, 0x0000000100000000)
  eden space 83968K, 46% used [0x00000000eab00000,0x00000000ed143ed0,0x00000000efd00000)
  from space 10752K, 96% used [0x00000000f0780000,0x00000000f1195080,0x00000000f1200000)
  to   space 10752K, 0% used [0x00000000efd00000,0x00000000efd00000,0x00000000f0780000)
 ParOldGen       total 127488K, used 12745K [0x00000000c0000000, 0x00000000c7c80000, 0x00000000eab00000)
  object space 127488K, 9% used [0x00000000c0000000,0x00000000c0c727c8,0x00000000c7c80000)
 Metaspace       used 34649K, capacity 35316K, committed 35416K, reserved 1079296K
  class space    used 4616K, capacity 4810K, committed 4864K, reserved 1048576K

